<?xml version="1.0" encoding="UTF-8"?>
<!-- Generated by org.testng.reporters.JUnitReportReporter -->
<testsuite hostname="DESKTOP-GGEE7SN" failures="0" tests="3" name="com.narnaul.testcases.TestParametrization" time="0.031" errors="0" timestamp="2023-07-18T18:37:07 IST" skipped="0">
  <testcase classname="com.narnaul.testcases.TestParametrization" name="testData" time="0.017"/>
  <system-out/>
  <testcase classname="com.narnaul.testcases.TestParametrization" name="testData" time="0.011"/>
  <system-out/>
  <testcase classname="com.narnaul.testcases.TestParametrization" name="testData" time="0.003"/>
  <system-out/>
</testsuite> <!-- com.narnaul.testcases.TestParametrization -->
