<?xml version="1.0" encoding="UTF-8"?>
<!-- Generated by org.testng.reporters.JUnitReportReporter -->
<testsuite hostname="DESKTOP-GGEE7SN" failures="0" tests="1" name="com.narnaul.testcases.CodekruTest" time="0.012" errors="0" timestamp="2023-07-18T18:37:07 IST" skipped="0">
  <testcase classname="com.narnaul.testcases.CodekruTest" name="test" time="0.012"/>
  <system-out/>
</testsuite> <!-- com.narnaul.testcases.CodekruTest -->
