<?xml version="1.0" encoding="UTF-8"?>
<!-- Generated by org.testng.reporters.JUnitReportReporter -->
<testsuite hostname="DESKTOP-GGEE7SN" failures="0" tests="1" name="com.narnaul.testcases.CreateCustomerTest" time="5.480" errors="0" timestamp="2023-07-18T18:37:07 IST" skipped="0">
  <testcase classname="com.narnaul.testcases.CreateCustomerTest" name="validateCustomerValidKey" time="5.480"/>
  <system-out/>
</testsuite> <!-- com.narnaul.testcases.CreateCustomerTest -->
