<?xml version="1.0" encoding="UTF-8"?>
<!-- Generated by org.testng.reporters.JUnitReportReporter -->
<testsuite hostname="DESKTOP-GGEE7SN" failures="0" tests="3" name="com.narnaul.utils.TestParametrization" time="0.007" errors="0" timestamp="2023-07-17T00:27:39 IST" skipped="0">
  <testcase classname="com.narnaul.utils.TestParametrization" name="testData" time="0.002"/>
  <system-out/>
  <testcase classname="com.narnaul.utils.TestParametrization" name="testData" time="0.002"/>
  <system-out/>
  <testcase classname="com.narnaul.utils.TestParametrization" name="testData" time="0.003"/>
  <system-out/>
</testsuite> <!-- com.narnaul.utils.TestParametrization -->
