<?xml version="1.0" encoding="UTF-8"?>
<!-- Generated by org.testng.reporters.JUnitReportReporter -->
<testsuite hostname="DESKTOP-GGEE7SN" failures="0" tests="3" name="com.narnaul.testcases.TestParametrization" time="0.005" errors="0" timestamp="19 Jul 2023 20:51:06 GMT" skipped="0">
  <testcase classname="com.narnaul.testcases.TestParametrization" name="testData" time="0.002"/>
  <testcase classname="com.narnaul.testcases.TestParametrization" name="testData" time="0.002"/>
  <testcase classname="com.narnaul.testcases.TestParametrization" name="testData" time="0.001"/>
</testsuite> <!-- com.narnaul.testcases.TestParametrization -->
