<?xml version="1.0" encoding="UTF-8"?>
<!-- Generated by org.testng.reporters.JUnitReportReporter -->
<testsuite hostname="DESKTOP-GGEE7SN" failures="0" tests="1" name="com.narnaul.testcases.CreateCustomerTest" time="8.725" errors="0" timestamp="19 Jul 2023 20:51:06 GMT" skipped="0">
  <testcase classname="com.narnaul.testcases.CreateCustomerTest" name="validateCustomerValidKey" time="8.725"/>
</testsuite> <!-- com.narnaul.testcases.CreateCustomerTest -->
